<?xml version="1.0" encoding="UTF-8"?>
<!-- Generated by org.testng.reporters.JUnitXMLReporter -->
<testsuite ignored="0" hostname="DESKTOP-ATIUNEE" failures="0" tests="7" name="Test" time="56.482" errors="0" timestamp="2025-10-25T20:32:24 IST">
  <testcase classname="tests.TC_01_Verify_New_User_Registration" name="testRegisterAccountSuccessful" time="4.026"/>
  <testcase classname="tests.TC_01_Verify_New_User_Registration" name="testRegisterAccountSuccessful" time="3.84"/>
  <testcase classname="tests.TC_02_VerifyLoginFunctionality" name="testVerifyLoginFunctionality" time="2.366"/>
  <testcase classname="tests.TC_02_VerifyLoginFunctionality" name="testVerifyLoginFunctionality" time="2.311"/>
  <testcase classname="tests.TC_03_Verify_Fund_Transfer_Between_Accounts" name="testTransferfunds" time="6.877"/>
  <testcase classname="tests.TC_04_Verify_Loan_Request" name="testVerifyLoanRequest" time="4.17"/>
  <testcase classname="tests.TC_05_Verify_Profile_Update" name="testUpdateProfile" time="7.866"/>
</testsuite> <!-- Test -->
