<?xml version="1.0" encoding="UTF-8"?>
<!-- Generated by org.testng.reporters.JUnitReportReporter -->
<testsuite hostname="DESKTOP-ATIUNEE" failures="0" tests="2" name="tests.TC_01_Verify_New_User_Registration" time="15.353" errors="0" timestamp="2025-10-25T20:32:25 IST" skipped="0">
  <testcase classname="tests.TC_01_Verify_New_User_Registration" name="testRegisterAccountSuccessful" time="7.232"/>
  <testcase classname="tests.TC_01_Verify_New_User_Registration" name="testRegisterAccountSuccessful" time="8.121"/>
</testsuite> <!-- tests.TC_01_Verify_New_User_Registration -->
