<?xml version="1.0" encoding="UTF-8"?>
<!-- Generated by org.testng.reporters.JUnitReportReporter -->
<testsuite hostname="DESKTOP-ATIUNEE" failures="0" tests="2" name="tests.TC_02_VerifyLoginFunctionality" time="11.270" errors="0" timestamp="2025-10-25T20:32:25 IST" skipped="0">
  <testcase classname="tests.TC_02_VerifyLoginFunctionality" name="testVerifyLoginFunctionality" time="5.810"/>
  <testcase classname="tests.TC_02_VerifyLoginFunctionality" name="testVerifyLoginFunctionality" time="5.460"/>
</testsuite> <!-- tests.TC_02_VerifyLoginFunctionality -->
